<?xml version="1.0" encoding="UTF-8"?>
<!-- Generated by org.testng.reporters.JUnitReportReporter -->
<testsuite hostname="DESKTOP-5BF502C" failures="0" tests="2" name="cucumber.TestNGTestRunner" time="29.749" errors="0" timestamp="2024-06-10T13:52:09 CST" skipped="0">
  <testcase classname="cucumber.TestNGTestRunner" name="runScenario" time="14.031"/>
  <system-out/>
  <testcase classname="cucumber.TestNGTestRunner" name="runScenario" time="15.718"/>
  <system-out/>
</testsuite> <!-- cucumber.TestNGTestRunner -->
