<?xml version="1.0" encoding="UTF-8"?>
<!-- Generated by org.testng.reporters.JUnitReportReporter -->
<testsuite hostname="DESKTOP-5BF502C" failures="0" tests="4" name="devenik.Tests.SubmitOrderTest" time="59.281" errors="0" timestamp="2024-06-06T14:29:04 CST" skipped="0">
  <testcase classname="devenik.Tests.SubmitOrderTest" name="SubmitOrder" time="22.104"/>
  <system-out/>
  <testcase classname="devenik.Tests.SubmitOrderTest" name="OrderHistoryTest" time="7.232"/>
  <system-out/>
  <testcase classname="devenik.Tests.SubmitOrderTest" name="SubmitOrder" time="22.083"/>
  <system-out/>
  <testcase classname="devenik.Tests.SubmitOrderTest" name="OrderHistoryTest" time="7.862"/>
  <system-out/>
</testsuite> <!-- devenik.Tests.SubmitOrderTest -->
