<?xml version="1.0" encoding="UTF-8"?>
<!-- Generated by org.testng.reporters.JUnitReportReporter -->
<testsuite hostname="DESKTOP-5BF502C" failures="0" tests="4" name="devenik.Tests.SubmitOrderTest" time="54.458" errors="0" timestamp="2024-06-10T15:26:05 CST" skipped="0">
  <testcase classname="devenik.Tests.SubmitOrderTest" name="SubmitOrder" time="26.612"/>
  <testcase classname="devenik.Tests.SubmitOrderTest" name="OrderHistoryTest" time="6.779"/>
  <testcase classname="devenik.Tests.SubmitOrderTest" name="OrderHistoryTest" time="6.687"/>
  <testcase classname="devenik.Tests.SubmitOrderTest" name="SubmitOrder" time="14.380"/>
</testsuite> <!-- devenik.Tests.SubmitOrderTest -->
