<?xml version="1.0" encoding="UTF-8"?>
<!-- Generated by org.testng.reporters.JUnitReportReporter -->
<testsuite hostname="DESKTOP-5BF502C" failures="0" tests="1" name="cucumber.TestNGTestRunner" time="8.021" errors="0" timestamp="2024-06-10T14:19:29 CST" skipped="0">
  <testcase classname="cucumber.TestNGTestRunner" name="runScenario" time="8.021"/>
</testsuite> <!-- cucumber.TestNGTestRunner -->
